2023-04-16 16:04:23,760 ERROR o.e.ATMHandler [Thread-0] Nonce does not match error
2023-04-16 16:04:23,776 ERROR o.e.ATMHandler [Thread-0] Failed to Verify Client Info
2023-04-16 16:15:58,157 ERROR o.e.ATMHandler [Thread-0] Nonce does not match error
2023-04-16 16:15:58,177 ERROR o.e.ATMHandler [Thread-0] Failed to Verify Client Info
2023-04-16 16:18:21,453 ERROR o.e.ATMHandler [Thread-0] Nonce does not match error
2023-04-16 16:18:21,468 ERROR o.e.ATMHandler [Thread-0] Failed to Verify Client Info
2023-04-16 16:19:34,299 ERROR o.e.ATMHandler [Thread-1] Nonce does not match error
2023-04-16 16:19:34,305 ERROR o.e.ATMHandler [Thread-1] Failed to Verify Client Info
2023-04-16 16:19:58,296 ERROR o.e.ATMHandler [Thread-0] Nonce does not match error
2023-04-16 16:19:58,355 ERROR o.e.ATMHandler [Thread-0] Failed to Verify Client Info
2023-04-16 16:20:47,934 ERROR o.e.ATMHandler [Thread-1] Nonce does not match error
2023-04-16 16:20:47,942 ERROR o.e.ATMHandler [Thread-1] Failed to Verify Client Info
2023-04-16 16:23:03,896 ERROR o.e.ATMHandler [Thread-0] Nonce does not match error
2023-04-16 16:23:03,911 ERROR o.e.ATMHandler [Thread-0] Failed to Verify Client Info
2023-04-16 16:32:11,039 ERROR o.e.ATMHandler [Thread-0] Nonce does not match error
2023-04-16 16:32:11,055 ERROR o.e.ATMHandler [Thread-0] Failed to Verify Client Info
2023-04-16 16:39:42,170 ERROR o.e.ATMHandler [Thread-0] Nonce does not match error
2023-04-16 16:39:42,185 ERROR o.e.ATMHandler [Thread-0] Failed to Verify Client Info
2023-04-16 16:56:09,585 ERROR o.e.ATMHandler [Thread-0] Nonce does not match error
2023-04-16 16:56:09,600 ERROR o.e.ATMHandler [Thread-0] Failed to Verify Client Info
2023-04-16 16:58:43,436 ERROR o.e.ATMHandler [Thread-0] Nonce does not match error
2023-04-16 16:58:43,453 ERROR o.e.ATMHandler [Thread-0] Failed to Verify Client Info
2023-04-16 17:06:06,268 ERROR o.e.ATMHandler [Thread-0] Nonce does not match error
2023-04-16 17:06:06,283 ERROR o.e.ATMHandler [Thread-0] Failed to Verify Client Info
2023-04-16 17:07:11,776 ERROR o.e.ATMHandler [Thread-0] Nonce does not match error
2023-04-16 17:07:11,791 ERROR o.e.ATMHandler [Thread-0] Failed to Verify Client Info
2023-04-16 17:13:04,071 ERROR o.e.ATMHandler [Thread-0] Nonce does not match error
2023-04-16 17:13:04,087 ERROR o.e.ATMHandler [Thread-0] Failed to Verify Client Info
2023-04-16 17:20:44,775 ERROR o.e.ATMHandler [Thread-0] Nonce does not match error
2023-04-16 17:20:44,789 ERROR o.e.ATMHandler [Thread-0] Failed to Verify Client Info
2023-04-16 17:35:15,229 ERROR o.e.ATMHandler [Thread-0] Nonce does not match error
2023-04-16 17:35:15,243 ERROR o.e.ATMHandler [Thread-0] Failed to Verify Client Info
2023-04-16 17:36:49,600 ERROR o.e.ATMHandler [Thread-0] Nonce does not match error
2023-04-16 17:36:49,617 ERROR o.e.ATMHandler [Thread-0] Failed to Verify Client Info
2023-04-16 17:57:27,434 ERROR o.e.ATMHandler [Thread-0] Nonce does not match error
2023-04-16 17:57:27,452 ERROR o.e.ATMHandler [Thread-0] Failed to Verify Client Info
2023-04-16 18:41:23,376 ERROR o.e.ATMHandler [Thread-1] Nonce does not match error
2023-04-16 18:41:23,383 ERROR o.e.ATMHandler [Thread-1] Failed to Verify Client Info
2023-04-16 18:41:39,796 ERROR o.e.ATMHandler [Thread-0] Nonce does not match error
2023-04-16 18:41:39,824 ERROR o.e.ATMHandler [Thread-0] Failed to Verify Client Info
2023-04-16 18:56:45,264 ERROR o.e.ATMHandler [Thread-0] Failed to Verify Client Info
2023-04-16 19:03:48,184 ERROR o.e.ATMHandler [Thread-0] Failed to Verify Client Info
2023-04-16 19:04:24,021 ERROR o.e.ATMHandler [Thread-0] Failed to Verify Client Info
2023-04-16 19:05:13,502 ERROR o.e.ATMHandler [Thread-0] Failed to Verify Client Info
2023-04-16 19:20:51,921 ERROR o.e.ATMHandler [Thread-0] Failed to Verify Client Info
2023-04-16 19:34:07,678 ERROR o.e.ATMHandler [Thread-0] Failed to Verify Client Info
2023-04-16 19:34:38,054 ERROR o.e.ATMHandler [Thread-0] Failed to Verify Client Info
2023-04-16 19:36:14,238 ERROR o.e.ATMHandler [Thread-0] Failed to Verify Client Info
2023-04-16 19:48:56,417 ERROR o.e.ATMHandler [Thread-0] Failed to Verify Client Info
2023-04-16 23:08:55.353 ERROR [ATMHandler] Failed to Verify Client Info
2023-04-16 23:11:44.140 INFO [ATMHandler] Beginning Public Key Exchange
2023-04-16 23:11:44.143 INFO [ATMHandler] Sent PublicKey to ATM
2023-04-16 23:11:44.143 INFO [ATMHandler] Received Public Key from ATM
2023-04-16 23:11:44.144 INFO [ATMHandler] Beginning ATM Authentication
2023-04-16 23:11:44.145 INFO [ATMHandler] Received ATM ID
2023-04-16 23:11:44.206 INFO [ATMHandler] Received Message and Nonce
2023-04-16 23:11:44.206 INFO [ATMHandler] Nonce: 25B9A8C0B062416705299516F5A768
Message: olPbAzafGE2r9dzUc+Re
2023-04-16 23:11:44.206 INFO [ATMHandler] Nonce Verified
2023-04-16 23:11:44.219 INFO [ATMHandler] Customer Account Details Valid
2023-04-16 23:11:44.219 INFO [ATMHandler] Valid Connection from Client
2023-04-16 23:18:06.445 INFO [ATMHandler] Beginning Public Key Exchange
2023-04-16 23:18:06.448 INFO [ATMHandler] Sent PublicKey to ATM
2023-04-16 23:18:06.449 INFO [ATMHandler] Received Public Key from ATM
2023-04-16 23:18:06.450 INFO [ATMHandler] Beginning ATM Authentication
2023-04-16 23:18:06.450 INFO [ATMHandler] Received ATM ID
2023-04-16 23:18:06.527 INFO [ATMHandler] Received Message and Nonce
2023-04-16 23:18:06.527 INFO [ATMHandler] Nonce: F2A51AC34DE40C75F45A15F56B1BCE
Message: KKn2BzTdA7VlqDrEclkX
2023-04-16 23:18:06.527 INFO [ATMHandler] Nonce Verified
2023-04-16 23:18:06.539 INFO [ATMHandler] Customer Account Details Valid
2023-04-16 23:18:06.540 INFO [ATMHandler] Valid Connection from Client
2023-04-16 23:20:21.852 INFO [ATMHandler] Beginning Public Key Exchange
2023-04-16 23:20:21.855 INFO [ATMHandler] Sent PublicKey to ATM
2023-04-16 23:20:21.855 INFO [ATMHandler] Received Public Key from ATM
2023-04-16 23:20:21.856 INFO [ATMHandler] Beginning ATM Authentication
2023-04-16 23:20:21.857 INFO [ATMHandler] Received ATM ID
2023-04-16 23:20:21.935 INFO [ATMHandler] Received Message and Nonce
2023-04-16 23:20:21.936 INFO [ATMHandler] Nonce: 00D221F7B0A7971A92C62EE5D2BFF3
Message: I3Si4kOqHxbmcNTSN/D2
2023-04-16 23:20:21.936 INFO [ATMHandler] Nonce Verified
2023-04-16 23:20:21.948 INFO [ATMHandler] Customer Account Details Valid
2023-04-16 23:20:21.948 INFO [ATMHandler] Valid Connection from Client
2023-04-16 23:34:48.789 INFO [ATMHandler] Beginning Public Key Exchange
2023-04-16 23:34:48.793 INFO [ATMHandler] Sent PublicKey to ATM
2023-04-16 23:34:48.794 INFO [ATMHandler] Received Public Key from ATM
2023-04-16 23:34:48.795 INFO [ATMHandler] Beginning ATM Authentication
2023-04-16 23:34:48.795 INFO [ATMHandler] Received ATM ID
2023-04-16 23:34:48.856 INFO [ATMHandler] Received Message and Nonce
2023-04-16 23:34:48.856 INFO [ATMHandler] Nonce: 5655728C6D3D3B7331F25AF3A0B3CD
Message: ZeaeEuQilCsRuW/0dMOm
2023-04-16 23:34:48.856 INFO [ATMHandler] Nonce Verified
2023-04-16 23:34:48.871 INFO [ATMHandler] Customer Account Details Valid
2023-04-16 23:34:48.871 INFO [ATMHandler] Valid Connection from Client
2023-04-16 23:49:51.344 INFO [ATMHandler] Beginning Public Key Exchange
2023-04-16 23:49:51.382 INFO [ATMHandler] HJm1+SM4its0dBqKosBjBoyAQiozmeg3gNv8A3/WZYs=
2023-04-16 23:49:51.383 INFO [ATMHandler] Sent PublicKey to ATM
2023-04-16 23:49:51.383 INFO [ATMHandler] Received Public Key from ATM
2023-04-16 23:49:51.384 INFO [ATMHandler] Beginning ATM Authentication
2023-04-16 23:49:51.384 INFO [ATMHandler] Received ATM ID
2023-04-16 23:49:51.434 INFO [ATMHandler] Received Message and Nonce
2023-04-16 23:49:51.434 INFO [ATMHandler] Nonce: 203BB1F56FCF5218AEB53FD0DC22CF
Message: nXB4WnWbBC8AB2+mtYt1
2023-04-16 23:49:51.434 INFO [ATMHandler] Nonce Verified
2023-04-16 23:49:51.439 INFO [ATMHandler] Customer Account Details Valid
2023-04-16 23:49:51.440 INFO [ATMHandler] Valid Connection from Client
2023-04-17 00:00:42.196 INFO [ATMHandler] Beginning Public Key Exchange
2023-04-17 00:00:42.226 INFO [ATMHandler] HJm1+SM4its0dBqKosBjBoyAQiozmeg3gNv8A3/WZYs=
2023-04-17 00:00:42.227 INFO [ATMHandler] Sent PublicKey to ATM
2023-04-17 00:00:42.227 INFO [ATMHandler] Fg3D4NH7CY6kxIcBWHXIG5NRcmuz0mVgN/XOYbPE72c=
2023-04-17 00:00:42.228 INFO [ATMHandler] Received Public Key from ATM
2023-04-17 00:00:42.228 INFO [ATMHandler] HE53BHBoJm04PQAWA/LCklQ0r+h2hky92ntMYHc3Nn0=
2023-04-17 00:00:42.228 INFO [ATMHandler] Beginning ATM Authentication
2023-04-17 00:00:42.229 INFO [ATMHandler] 9dteGCoSGDzJiyToghLhlFjxO9pxRgcntZZMgkPi4O0=
2023-04-17 00:00:42.229 INFO [ATMHandler] Received ATM ID
2023-04-17 00:00:42.229 INFO [ATMHandler] shzOovFNpnSuKpfhWGA3Fw==
2023-04-17 00:00:42.276 INFO [ATMHandler] Received Message and Nonce
2023-04-17 00:00:42.277 INFO [ATMHandler] vjO5smxa9SEl73FHsil7Tvl/SW/az5E+og2vACF6opQ=
2023-04-17 00:00:42.277 INFO [ATMHandler] pUPz2NWjMj69GL88BIt780dnze4L9OzoWIM1x8SAElQ6zfETBSMhEU9d3RTVtW47NfbU+8NF9AmRkjuzaJqV5KLOkX2QRexCSIZGUWS4/as=
2023-04-17 00:00:42.278 INFO [ATMHandler] QsHpi8eYsivY1wiQfpOHIQ==
2023-04-17 00:00:42.284 INFO [ATMHandler] Customer Account Details Valid
2023-04-17 00:00:42.284 INFO [ATMHandler] ttAL5ias/CBlpFs+F+XnjhzAMKOiA8qtFZ8eJvTO6lY=
2023-04-17 00:00:42.285 INFO [ATMHandler] Valid Connection from Client
2023-04-17 00:00:42.285 INFO [ATMHandler] Inku3GLyA7G2VyaUY76O317N4iVu1iOFjusmG6iD4GE=
2023-04-17 00:00:42.298 INFO [ATMHandler] Balance requested and sent
2023-04-17 00:00:42.298 INFO [ATMHandler] bqiEYCN+9K0xmWXuy/ofihuW9Z95OSlY6UzCLLIp7U4=
2023-04-17 00:00:45.067 INFO [ATMHandler] Balance requested and sent
2023-04-17 00:00:45.067 INFO [ATMHandler] bqiEYCN+9K0xmWXuy/ofihuW9Z95OSlY6UzCLLIp7U4=
2023-04-17 00:00:53.588 INFO [ATMHandler] Beginning Public Key Exchange
2023-04-17 00:00:53.589 INFO [ATMHandler] HJm1+SM4its0dBqKosBjBoyAQiozmeg3gNv8A3/WZYs=
2023-04-17 00:00:53.589 INFO [ATMHandler] Sent PublicKey to ATM
2023-04-17 00:00:53.589 INFO [ATMHandler] Fg3D4NH7CY6kxIcBWHXIG5NRcmuz0mVgN/XOYbPE72c=
2023-04-17 00:00:53.589 INFO [ATMHandler] Received Public Key from ATM
2023-04-17 00:00:53.590 INFO [ATMHandler] HE53BHBoJm04PQAWA/LCklQ0r+h2hky92ntMYHc3Nn0=
2023-04-17 00:00:53.590 INFO [ATMHandler] Beginning ATM Authentication
2023-04-17 00:00:53.590 INFO [ATMHandler] 9dteGCoSGDzJiyToghLhlFjxO9pxRgcntZZMgkPi4O0=
2023-04-17 00:00:53.591 INFO [ATMHandler] Received ATM ID
2023-04-17 00:00:53.591 INFO [ATMHandler] shzOovFNpnSuKpfhWGA3Fw==
2023-04-17 00:00:53.628 INFO [ATMHandler] Received Message and Nonce
2023-04-17 00:00:53.628 INFO [ATMHandler] vjO5smxa9SEl73FHsil7Tvl/SW/az5E+og2vACF6opQ=
2023-04-17 00:00:53.628 INFO [ATMHandler] ioPKQUz1Ks/ABEquSoDRkme+i844a8/BDWbh8GwJsF9hJFb71o6sBtFLs/s6cVwoEGEChM+PsescZqfBe95qhhdu+AkLfXKY2VfviKj/ByE=
2023-04-17 00:00:53.628 INFO [ATMHandler] QsHpi8eYsivY1wiQfpOHIQ==
2023-04-17 00:00:53.633 INFO [ATMHandler] Customer Account Details Valid
2023-04-17 00:00:53.633 INFO [ATMHandler] ttAL5ias/CBlpFs+F+XnjhzAMKOiA8qtFZ8eJvTO6lY=
2023-04-17 00:00:53.633 INFO [ATMHandler] Valid Connection from Client
2023-04-17 00:00:53.634 INFO [ATMHandler] Inku3GLyA7G2VyaUY76O317N4iVu1iOFjusmG6iD4GE=
2023-04-17 00:00:53.647 INFO [ATMHandler] Balance requested and sent
2023-04-17 00:00:53.647 INFO [ATMHandler] bqiEYCN+9K0xmWXuy/ofihuW9Z95OSlY6UzCLLIp7U4=
2023-04-17 00:00:58.636 INFO [ATMHandler] Balance requested and sent
2023-04-17 00:00:58.637 INFO [ATMHandler] bqiEYCN+9K0xmWXuy/ofihuW9Z95OSlY6UzCLLIp7U4=
2023-04-17 00:01:03.182 INFO [ATMHandler] Deposit: Requested
2023-04-17 00:01:03.182 INFO [ATMHandler] my5dUZdaT7C253mOxcbGDnLmC2FurT5hLcvtu0IezfQ=
2023-04-17 00:01:03.184 INFO [ATMHandler] Account Deposit: 4500
2023-04-17 00:01:03.184 INFO [ATMHandler] uAyfDT3W6zeZplSxgouv5cAkt7CO5qRLiOxYva4dK8k=
2023-04-17 00:01:11.216 INFO [ATMHandler] Balance requested and sent
2023-04-17 00:01:11.217 INFO [ATMHandler] bqiEYCN+9K0xmWXuy/ofihuW9Z95OSlY6UzCLLIp7U4=
2023-04-17 00:01:23.217 INFO [ATMHandler] Deposit: Requested
2023-04-17 00:01:23.217 INFO [ATMHandler] my5dUZdaT7C253mOxcbGDnLmC2FurT5hLcvtu0IezfQ=
2023-04-17 00:01:23.218 INFO [ATMHandler] Account Deposit: 7575
2023-04-17 00:01:23.218 INFO [ATMHandler] uAyfDT3W6zeZplSxgouv5cXhNWJN5zMQZuPfRCJvhDA=
2023-04-17 00:01:27.552 INFO [ATMHandler] Balance requested and sent
2023-04-17 00:01:27.552 INFO [ATMHandler] bqiEYCN+9K0xmWXuy/ofihuW9Z95OSlY6UzCLLIp7U4=
2023-04-17 00:01:34.523 INFO [ATMHandler] Balance requested and sent
2023-04-17 00:01:34.523 INFO [ATMHandler] bqiEYCN+9K0xmWXuy/ofihuW9Z95OSlY6UzCLLIp7U4=
2023-04-17 01:13:52.656 INFO [ATMHandler] Beginning Public Key Exchange
2023-04-17 01:13:52.701 INFO [ATMHandler] HJm1+SM4its0dBqKosBjBoyAQiozmeg3gNv8A3/WZYs=
2023-04-17 01:13:52.701 INFO [ATMHandler] Sent PublicKey to ATM
2023-04-17 01:13:52.702 INFO [ATMHandler] Fg3D4NH7CY6kxIcBWHXIG5NRcmuz0mVgN/XOYbPE72c=
2023-04-17 01:13:52.702 INFO [ATMHandler] Received Public Key from ATM
2023-04-17 01:13:52.702 INFO [ATMHandler] HE53BHBoJm04PQAWA/LCklQ0r+h2hky92ntMYHc3Nn0=
2023-04-17 01:13:52.703 INFO [ATMHandler] Beginning ATM Authentication
2023-04-17 01:13:52.703 INFO [ATMHandler] 9dteGCoSGDzJiyToghLhlFjxO9pxRgcntZZMgkPi4O0=
2023-04-17 01:13:52.703 INFO [ATMHandler] Received ATM ID
2023-04-17 01:13:52.704 INFO [ATMHandler] shzOovFNpnSuKpfhWGA3Fw==
2023-04-17 01:13:52.758 INFO [ATMHandler] Received Message and Nonce
2023-04-17 01:13:52.758 INFO [ATMHandler] vjO5smxa9SEl73FHsil7Tvl/SW/az5E+og2vACF6opQ=
2023-04-17 01:13:52.759 INFO [ATMHandler] iyCwVKXNpPM3XI2UjwTtxbcprLaUwnVrjQ0A6wW6vFjVDAyG8aoynxZ7u1MR7wzlnyp1iYtfAB1+AbN3y+XR3ZZekofRZFB9jBist7Gj43A=
2023-04-17 01:13:52.760 INFO [ATMHandler] QsHpi8eYsivY1wiQfpOHIQ==
2023-04-17 01:13:52.765 INFO [ATMHandler] Customer Account Details Valid
2023-04-17 01:13:52.765 INFO [ATMHandler] ttAL5ias/CBlpFs+F+XnjhzAMKOiA8qtFZ8eJvTO6lY=
2023-04-17 01:13:52.766 INFO [ATMHandler] Valid Connection from Client
2023-04-17 01:13:52.766 INFO [ATMHandler] Inku3GLyA7G2VyaUY76O317N4iVu1iOFjusmG6iD4GE=
2023-04-17 01:13:52.779 INFO [ATMHandler] Balance requested and sent
2023-04-17 01:13:52.780 INFO [ATMHandler] bqiEYCN+9K0xmWXuy/ofihuW9Z95OSlY6UzCLLIp7U4=
2023-04-17 01:14:23.471 INFO [ATMHandler] Beginning Public Key Exchange
2023-04-17 01:14:23.472 INFO [ATMHandler] HJm1+SM4its0dBqKosBjBoyAQiozmeg3gNv8A3/WZYs=
2023-04-17 01:14:23.472 INFO [ATMHandler] Sent PublicKey to ATM
2023-04-17 01:14:23.472 INFO [ATMHandler] Fg3D4NH7CY6kxIcBWHXIG5NRcmuz0mVgN/XOYbPE72c=
2023-04-17 01:14:23.472 INFO [ATMHandler] Received Public Key from ATM
2023-04-17 01:14:23.473 INFO [ATMHandler] HE53BHBoJm04PQAWA/LCklQ0r+h2hky92ntMYHc3Nn0=
2023-04-17 01:14:23.473 INFO [ATMHandler] Beginning ATM Authentication
2023-04-17 01:14:23.473 INFO [ATMHandler] 9dteGCoSGDzJiyToghLhlFjxO9pxRgcntZZMgkPi4O0=
2023-04-17 01:14:23.474 INFO [ATMHandler] Received ATM ID
2023-04-17 01:14:23.474 INFO [ATMHandler] shzOovFNpnSuKpfhWGA3Fw==
2023-04-17 01:14:23.512 INFO [ATMHandler] Received Message and Nonce
2023-04-17 01:14:23.512 INFO [ATMHandler] vjO5smxa9SEl73FHsil7Tvl/SW/az5E+og2vACF6opQ=
2023-04-17 01:14:23.512 INFO [ATMHandler] mwZxdJ5YgPZL/IPDMFzezMoCg2u4gk5NlZ9inTfIbD82uz+tuMY2b1C5N6cx3mYj4CCJJeijFMTUpT9c09YP0cGGKH2QPc4scLDleyLSaUc=
2023-04-17 01:14:23.513 INFO [ATMHandler] QsHpi8eYsivY1wiQfpOHIQ==
2023-04-17 01:14:23.518 INFO [ATMHandler] Customer Account Details Valid
2023-04-17 01:14:23.518 INFO [ATMHandler] ttAL5ias/CBlpFs+F+XnjhzAMKOiA8qtFZ8eJvTO6lY=
2023-04-17 01:14:23.518 INFO [ATMHandler] Valid Connection from Client
2023-04-17 01:14:23.519 INFO [ATMHandler] Inku3GLyA7G2VyaUY76O317N4iVu1iOFjusmG6iD4GE=
2023-04-17 01:14:23.532 INFO [ATMHandler] Balance requested and sent
2023-04-17 01:14:23.532 INFO [ATMHandler] bqiEYCN+9K0xmWXuy/ofihuW9Z95OSlY6UzCLLIp7U4=
2023-04-17 01:15:26.958 INFO [ATMHandler] Balance requested and sent
2023-04-17 01:15:26.958 INFO [ATMHandler] bqiEYCN+9K0xmWXuy/ofihuW9Z95OSlY6UzCLLIp7U4=
2023-04-17 01:15:39.753 INFO [ATMHandler] Deposit: Requested
2023-04-17 01:15:39.754 INFO [ATMHandler] my5dUZdaT7C253mOxcbGDnLmC2FurT5hLcvtu0IezfQ=
2023-04-17 01:15:39.756 INFO [ATMHandler] Account Deposit: 1412
2023-04-17 01:15:39.756 INFO [ATMHandler] uAyfDT3W6zeZplSxgouv5Y2fF5jmOrRAyYD9I0pnP9Y=
2023-04-17 01:15:50.597 INFO [ATMHandler] Withdrawal: Requested
2023-04-17 01:15:50.597 INFO [ATMHandler] 0jffyAjVxxK4lwOvf8ujzIF5z1zvbt99IhO54bUF888=
2023-04-17 01:15:50.604 INFO [ATMHandler] Account Withdrawal: 500
2023-04-17 01:15:50.604 INFO [ATMHandler] o3q7n5sUdEPcbC3hiW8UQIi1PR8bpr7QLa68bxYSJUM=
2023-04-17 01:16:04.514 INFO [ATMHandler] Balance requested and sent
2023-04-17 01:16:04.514 INFO [ATMHandler] bqiEYCN+9K0xmWXuy/ofihuW9Z95OSlY6UzCLLIp7U4=
2023-04-17 01:16:08.240 INFO [ATMHandler] Deposit: Requested
2023-04-17 01:16:08.241 INFO [ATMHandler] my5dUZdaT7C253mOxcbGDnLmC2FurT5hLcvtu0IezfQ=
2023-04-17 01:16:08.242 INFO [ATMHandler] Account Deposit: 400
2023-04-17 01:16:08.242 INFO [ATMHandler] uAyfDT3W6zeZplSxgouv5cfVLSocTV6p2e5xvBJQuOo=
2023-04-17 01:16:12.684 INFO [ATMHandler] Withdrawal: Requested
2023-04-17 01:16:12.684 INFO [ATMHandler] 0jffyAjVxxK4lwOvf8ujzIF5z1zvbt99IhO54bUF888=
2023-04-17 01:16:12.692 INFO [ATMHandler] Account Withdrawal: 100
2023-04-17 01:16:12.692 INFO [ATMHandler] o3q7n5sUdEPcbC3hiW8UQO5xzlmAS+W/m82NZHHAXu4=
2023-04-17 01:18:18.141 INFO [ATMHandler] Beginning Public Key Exchange
2023-04-17 01:18:18.142 INFO [ATMHandler] HJm1+SM4its0dBqKosBjBoyAQiozmeg3gNv8A3/WZYs=
2023-04-17 01:18:18.142 INFO [ATMHandler] Sent PublicKey to ATM
2023-04-17 01:18:18.142 INFO [ATMHandler] Fg3D4NH7CY6kxIcBWHXIG5NRcmuz0mVgN/XOYbPE72c=
2023-04-17 01:18:18.143 INFO [ATMHandler] Received Public Key from ATM
2023-04-17 01:18:18.143 INFO [ATMHandler] HE53BHBoJm04PQAWA/LCklQ0r+h2hky92ntMYHc3Nn0=
2023-04-17 01:18:18.143 INFO [ATMHandler] Beginning ATM Authentication
2023-04-17 01:18:18.143 INFO [ATMHandler] 9dteGCoSGDzJiyToghLhlFjxO9pxRgcntZZMgkPi4O0=
2023-04-17 01:18:18.144 INFO [ATMHandler] Received ATM ID
2023-04-17 01:18:18.144 INFO [ATMHandler] shzOovFNpnSuKpfhWGA3Fw==
2023-04-17 01:18:18.190 INFO [ATMHandler] Received Message and Nonce
2023-04-17 01:18:18.190 INFO [ATMHandler] vjO5smxa9SEl73FHsil7Tvl/SW/az5E+og2vACF6opQ=
2023-04-17 01:18:18.190 INFO [ATMHandler] dLqPST447kPQO9OoPt+rKjGsJ4zCfRH4hqY5u86hNrg4T8jgrtZkYk28HSKGoSyUVgNFqKnA5FiAKgyTPg+6HimuFuYBIaOwE/bQoP3rYM4=
2023-04-17 01:18:18.190 INFO [ATMHandler] QsHpi8eYsivY1wiQfpOHIQ==
2023-04-17 01:18:18.195 INFO [ATMHandler] Customer Account Details Valid
2023-04-17 01:18:18.196 INFO [ATMHandler] ttAL5ias/CBlpFs+F+XnjhzAMKOiA8qtFZ8eJvTO6lY=
2023-04-17 01:18:18.196 INFO [ATMHandler] Valid Connection from Client
2023-04-17 01:18:18.196 INFO [ATMHandler] Inku3GLyA7G2VyaUY76O317N4iVu1iOFjusmG6iD4GE=
2023-04-17 01:18:18.212 INFO [ATMHandler] Balance requested and sent
2023-04-17 01:18:18.212 INFO [ATMHandler] bqiEYCN+9K0xmWXuy/ofihuW9Z95OSlY6UzCLLIp7U4=
2023-04-17 01:18:24.853 INFO [ATMHandler] Deposit: Requested
2023-04-17 01:18:24.853 INFO [ATMHandler] my5dUZdaT7C253mOxcbGDnLmC2FurT5hLcvtu0IezfQ=
2023-04-17 01:18:24.855 INFO [ATMHandler] Account Deposit: 150
2023-04-17 01:18:24.855 INFO [ATMHandler] uAyfDT3W6zeZplSxgouv5aGUWENqzbY/wUZ7CG0i3rg=
2023-04-17 01:18:25.941 INFO [ATMHandler] Balance requested and sent
2023-04-17 01:18:25.941 INFO [ATMHandler] bqiEYCN+9K0xmWXuy/ofihuW9Z95OSlY6UzCLLIp7U4=
2023-04-17 02:52:33.502 INFO [ATMHandler] Beginning Public Key Exchange
2023-04-17 02:52:33.503 INFO [ATMHandler] HJm1+SM4its0dBqKosBjBoyAQiozmeg3gNv8A3/WZYs=
2023-04-17 02:52:33.503 INFO [ATMHandler] Sent PublicKey to ATM
2023-04-17 02:52:33.504 INFO [ATMHandler] Fg3D4NH7CY6kxIcBWHXIG5NRcmuz0mVgN/XOYbPE72c=
2023-04-17 02:52:33.504 INFO [ATMHandler] Received Public Key from ATM
2023-04-17 02:52:33.504 INFO [ATMHandler] HE53BHBoJm04PQAWA/LCklQ0r+h2hky92ntMYHc3Nn0=
2023-04-17 02:52:33.504 INFO [ATMHandler] Beginning ATM Authentication
2023-04-17 02:52:33.505 INFO [ATMHandler] 9dteGCoSGDzJiyToghLhlFjxO9pxRgcntZZMgkPi4O0=
2023-04-17 02:52:33.506 INFO [ATMHandler] Received ATM ID
2023-04-17 02:52:33.506 INFO [ATMHandler] shzOovFNpnSuKpfhWGA3Fw==
2023-04-17 02:52:33.544 INFO [ATMHandler] Received Message and Nonce
2023-04-17 02:52:33.544 INFO [ATMHandler] vjO5smxa9SEl73FHsil7Tvl/SW/az5E+og2vACF6opQ=
2023-04-17 02:52:33.544 INFO [ATMHandler] /v5TP9q5TwenUcOcbaGwPNdEgj+KPU/NE/Ivy/Beqo+IoIHZsaW+WKtr14mCWBAvDFyDk7JwAIoq+FpLrjS8KT80lxNCk+GACqND8eDz0s0=
2023-04-17 02:52:33.544 INFO [ATMHandler] QsHpi8eYsivY1wiQfpOHIQ==
2023-04-17 02:52:33.549 INFO [ATMHandler] Customer Account Details Valid
2023-04-17 02:52:33.549 INFO [ATMHandler] ttAL5ias/CBlpFs+F+XnjhzAMKOiA8qtFZ8eJvTO6lY=
2023-04-17 02:52:33.549 INFO [ATMHandler] Valid Connection from Client
2023-04-17 02:52:33.549 INFO [ATMHandler] Inku3GLyA7G2VyaUY76O317N4iVu1iOFjusmG6iD4GE=
2023-04-17 02:52:33.562 INFO [ATMHandler] Balance requested and sent
2023-04-17 02:52:33.562 INFO [ATMHandler] bqiEYCN+9K0xmWXuy/ofihuW9Z95OSlY6UzCLLIp7U4=
2023-04-17 02:52:43.106 INFO [ATMHandler] Withdrawal: Requested
2023-04-17 02:52:43.106 INFO [ATMHandler] 0jffyAjVxxK4lwOvf8ujzIF5z1zvbt99IhO54bUF888=
2023-04-17 02:52:43.107 INFO [ATMHandler] Account Withdrawal: 120
2023-04-17 02:52:43.108 INFO [ATMHandler] o3q7n5sUdEPcbC3hiW8UQOR4Pgns/mQS52MAOSpzUcU=
